<?xml version="1.0" encoding="UTF-8"?>
<!-- Generated by org.testng.reporters.JUnitReportReporter -->
<testsuite hostname="Khurshid" failures="0" tests="1" name="runner.MyRunner2" time="0.095" errors="0" timestamp="2024-05-24T07:03:09 EDT" skipped="0">
  <testcase classname="runner.MyRunner2" name="runScenario" time="0.095"/>
  <system-out/>
</testsuite> <!-- runner.MyRunner2 -->
